[debug] [2025-02-18T12:26:03.085Z] ----------------------------------------------------------------------
[debug] [2025-02-18T12:26:03.088Z] Command:       C:\Program Files\nodejs\node.exe C:\Users\eKasi_TMB_COM00725\AppData\Roaming\npm\node_modules\firebase-tools\lib\bin\firebase.js functions:shell
[debug] [2025-02-18T12:26:03.089Z] CLI Version:   13.30.0
[debug] [2025-02-18T12:26:03.089Z] Platform:      win32
[debug] [2025-02-18T12:26:03.089Z] Node Version:  v20.15.0
[debug] [2025-02-18T12:26:03.089Z] Time:          Tue Feb 18 2025 14:26:03 GMT+0200 (South Africa Standard Time)
[debug] [2025-02-18T12:26:03.089Z] ----------------------------------------------------------------------
[debug] 
[debug] [2025-02-18T12:26:03.302Z] > command requires scopes: ["email","openid","https://www.googleapis.com/auth/cloudplatformprojects.readonly","https://www.googleapis.com/auth/firebase","https://www.googleapis.com/auth/cloud-platform"]
[debug] [2025-02-18T12:26:03.302Z] > authorizing via signed-in user (kronikwenaite@gmail.com)
[debug] [2025-02-18T12:26:03.303Z] [iam] checking project akiv60-2db6a for permissions ["firebase.projects.get"]
[debug] [2025-02-18T12:26:03.304Z] Checked if tokens are valid: true, expires at: 1739884694024
[debug] [2025-02-18T12:26:03.304Z] Checked if tokens are valid: true, expires at: 1739884694024
[debug] [2025-02-18T12:26:03.305Z] >>> [apiv2][query] POST https://cloudresourcemanager.googleapis.com/v1/projects/akiv60-2db6a:testIamPermissions [none]
[debug] [2025-02-18T12:26:03.305Z] >>> [apiv2][(partial)header] POST https://cloudresourcemanager.googleapis.com/v1/projects/akiv60-2db6a:testIamPermissions x-goog-quota-user=projects/akiv60-2db6a
[debug] [2025-02-18T12:26:03.305Z] >>> [apiv2][body] POST https://cloudresourcemanager.googleapis.com/v1/projects/akiv60-2db6a:testIamPermissions {"permissions":["firebase.projects.get"]}
[debug] [2025-02-18T12:26:05.159Z] <<< [apiv2][status] POST https://cloudresourcemanager.googleapis.com/v1/projects/akiv60-2db6a:testIamPermissions 200
[debug] [2025-02-18T12:26:05.160Z] <<< [apiv2][body] POST https://cloudresourcemanager.googleapis.com/v1/projects/akiv60-2db6a:testIamPermissions {"permissions":["firebase.projects.get"]}
[debug] [2025-02-18T12:26:05.166Z] [functions] Functions Emulator only supports listening on one address (127.0.0.1). Not listening on ::1
[debug] [2025-02-18T12:26:05.169Z] defaultcredentials: writing to file C:\Users\eKasi_TMB_COM00725\AppData\Roaming\firebase\kronikwenaite_gmail_com_application_default_credentials.json
[debug] [2025-02-18T12:26:05.170Z] DEBUG: Setting GAC to C:\Users\eKasi_TMB_COM00725\AppData\Roaming\firebase\kronikwenaite_gmail_com_application_default_credentials.json
[debug] [2025-02-18T12:26:05.171Z] Checked if tokens are valid: true, expires at: 1739884694024
[debug] [2025-02-18T12:26:05.171Z] Checked if tokens are valid: true, expires at: 1739884694024
[debug] [2025-02-18T12:26:05.171Z] >>> [apiv2][query] GET https://firebase.googleapis.com/v1beta1/projects/akiv60-2db6a/adminSdkConfig [none]
[debug] [2025-02-18T12:26:05.742Z] <<< [apiv2][status] GET https://firebase.googleapis.com/v1beta1/projects/akiv60-2db6a/adminSdkConfig 200
[debug] [2025-02-18T12:26:05.743Z] <<< [apiv2][body] GET https://firebase.googleapis.com/v1beta1/projects/akiv60-2db6a/adminSdkConfig {"projectId":"akiv60-2db6a","databaseURL":"https://akiv60-2db6a-default-rtdb.firebaseio.com","storageBucket":"akiv60-2db6a.firebasestorage.app"}
[debug] [2025-02-18T12:26:05.802Z] [functions] Watching "C:\Users\eKasi_TMB_COM00725\Desktop\Aktiv60 Web\Aktive60-web\functions" for Cloud Functions...
[debug] [2025-02-18T12:26:05.806Z] Validating nodejs source
[debug] [2025-02-18T12:26:06.771Z] > [functions] package.json contents: {
  "name": "functions",
  "description": "Cloud Functions for Firebase",
  "scripts": {
    "lint": "eslint .",
    "serve": "firebase emulators:start --only functions",
    "shell": "firebase functions:shell",
    "start": "npm run shell",
    "deploy": "firebase deploy --only functions",
    "logs": "firebase functions:log"
  },
  "engines": {
    "node": "22"
  },
  "main": "index.js",
  "dependencies": {
    "firebase-admin": "^12.6.0",
    "firebase-functions": "^6.0.1",
    "nodemailer": "^6.10.0"
  },
  "devDependencies": {
    "eslint": "^8.15.0",
    "eslint-config-google": "^0.14.0",
    "firebase-functions-test": "^3.1.0"
  },
  "private": true
}
[debug] [2025-02-18T12:26:06.771Z] Building nodejs source
[debug] [2025-02-18T12:26:06.772Z] Failed to find version of module node: reached end of search path C:\Users\eKasi_TMB_COM00725\Desktop\Aktiv60 Web\Aktive60-web\functions\node_modules
[warn] !  functions: Your requested "node" version "22" doesn't match your global version "20". Using node@20 from host. 
[debug] [2025-02-18T12:26:06.775Z] Could not find functions.yaml. Must use http discovery
[debug] [2025-02-18T12:26:06.783Z] Found firebase-functions binary at 'C:\Users\eKasi_TMB_COM00725\Desktop\Aktiv60 Web\Aktive60-web\functions\node_modules\.bin\firebase-functions'
[info] Serving at port 8858

[debug] [2025-02-18T12:26:07.496Z] Got response from /__/functions.yaml {"endpoints":{"requestPasswordReset":{"availableMemoryMb":null,"timeoutSeconds":null,"minInstances":null,"maxInstances":null,"ingressSettings":null,"concurrency":null,"serviceAccountEmail":null,"vpc":null,"platform":"gcfv2","labels":{},"callableTrigger":{},"entryPoint":"requestPasswordReset"},"validateRecoveryCode":{"availableMemoryMb":null,"timeoutSeconds":null,"minInstances":null,"maxInstances":null,"ingressSettings":null,"concurrency":null,"serviceAccountEmail":null,"vpc":null,"platform":"gcfv2","labels":{},"callableTrigger":{},"entryPoint":"validateRecoveryCode"}},"specVersion":"v1alpha1","requiredAPIs":[],"extensions":{}}
[debug] [2025-02-18T12:26:12.535Z] [functions] Loaded functions definitions from source: requestPasswordReset, validateRecoveryCode.
[debug] [2025-02-18T12:26:12.535Z] [functions[us-central1-requestPasswordReset]] http function initialized (http://127.0.0.1:5000/akiv60-2db6a/us-central1/requestPasswordReset).
[debug] [2025-02-18T12:26:12.536Z] [functions[us-central1-validateRecoveryCode]] http function initialized (http://127.0.0.1:5000/akiv60-2db6a/us-central1/validateRecoveryCode).
[info] i  functions: Loaded functions: requestPasswordReset, validateRecoveryCode 
[warn] !  functions: The following emulators are not running, calls to these services will affect production: firestore, database, pubsub, storage, eventarc, tasks 
